Logfile initialized
[INFO] logfile = /Users/alex/Documents/TitaniumStudioWorkspace/InGeniousMobileWrapper/build.log
[DEBUG] /Users/alex/Library/Application Support/Titanium/mobilesdk/osx/3.0.0.GA/android/builder.py install InGeniousMobileWrapper /Users/alex/Documents/androidsdk /Users/alex/Documents/TitaniumStudioWorkspace/InGeniousMobileWrapper com.goingenious.ingenious 6
[INFO] Titanium SDK version: 3.0.0 (12/12/12 18:49 a5894b3)
[DEBUG] Waiting for device to be ready ...
[TRACE] adb devices returned 1 devices/emulators
[DEBUG] Device connected... (waited 0 seconds)
[DEBUG] waited 0.052642 seconds on emulator to get ready
[DEBUG] com.goingenious.ingenious installed? False
[INFO] Copying CommonJS modules...
[INFO] Copying project resources..
[TRACE] COPYING MODIFIED FILE: /Users/alex/Documents/TitaniumStudioWorkspace/InGeniousMobileWrapper/Resources/app.js => /Users/alex/Documents/TitaniumStudioWorkspace/InGeniousMobileWrapper/build/android/bin/assets/Resources/app.js
[TRACE] COPYING MODIFIED FILE: /Users/alex/Documents/TitaniumStudioWorkspace/InGeniousMobileWrapper/Resources/ui/common/global/BtnNav.js => /Users/alex/Documents/TitaniumStudioWorkspace/InGeniousMobileWrapper/build/android/bin/assets/Resources/ui/common/global/BtnNav.js
[TRACE] COPYING MODIFIED FILE: /Users/alex/Documents/TitaniumStudioWorkspace/InGeniousMobileWrapper/Resources/ui/common/WebView.js => /Users/alex/Documents/TitaniumStudioWorkspace/InGeniousMobileWrapper/build/android/bin/assets/Resources/ui/common/WebView.js
[TRACE] Generating Java Classes
[DEBUG] Processing Android resource drawables
[DEBUG] copying app icon: /Users/alex/Documents/TitaniumStudioWorkspace/InGeniousMobileWrapper/build/android/bin/assets/Resources/appicon.png
[DEBUG] generating theme.xml
[DEBUG] found drawable-long-land-hdpi splash screen at /Users/alex/Documents/TitaniumStudioWorkspace/InGeniousMobileWrapper/Resources/android/images/res-long-land-hdpi/default.png
[DEBUG] copying /Users/alex/Documents/TitaniumStudioWorkspace/InGeniousMobileWrapper/Resources/android/images/res-long-land-hdpi/default.png splash screen to /Users/alex/Documents/TitaniumStudioWorkspace/InGeniousMobileWrapper/build/android/res/drawable-long-land-hdpi/background.png
[DEBUG] found drawable-long-land-ldpi splash screen at /Users/alex/Documents/TitaniumStudioWorkspace/InGeniousMobileWrapper/Resources/android/images/res-long-land-ldpi/default.png
[DEBUG] copying /Users/alex/Documents/TitaniumStudioWorkspace/InGeniousMobileWrapper/Resources/android/images/res-long-land-ldpi/default.png splash screen to /Users/alex/Documents/TitaniumStudioWorkspace/InGeniousMobileWrapper/build/android/res/drawable-long-land-ldpi/background.png
[DEBUG] found drawable-long-port-hdpi splash screen at /Users/alex/Documents/TitaniumStudioWorkspace/InGeniousMobileWrapper/Resources/android/images/res-long-port-hdpi/default.png
[DEBUG] copying /Users/alex/Documents/TitaniumStudioWorkspace/InGeniousMobileWrapper/Resources/android/images/res-long-port-hdpi/default.png splash screen to /Users/alex/Documents/TitaniumStudioWorkspace/InGeniousMobileWrapper/build/android/res/drawable-long-port-hdpi/background.png
[DEBUG] found drawable-long-port-ldpi splash screen at /Users/alex/Documents/TitaniumStudioWorkspace/InGeniousMobileWrapper/Resources/android/images/res-long-port-ldpi/default.png
[DEBUG] copying /Users/alex/Documents/TitaniumStudioWorkspace/InGeniousMobileWrapper/Resources/android/images/res-long-port-ldpi/default.png splash screen to /Users/alex/Documents/TitaniumStudioWorkspace/InGeniousMobileWrapper/build/android/res/drawable-long-port-ldpi/background.png
[DEBUG] found drawable-notlong-land-hdpi splash screen at /Users/alex/Documents/TitaniumStudioWorkspace/InGeniousMobileWrapper/Resources/android/images/res-notlong-land-hdpi/default.png
[DEBUG] copying /Users/alex/Documents/TitaniumStudioWorkspace/InGeniousMobileWrapper/Resources/android/images/res-notlong-land-hdpi/default.png splash screen to /Users/alex/Documents/TitaniumStudioWorkspace/InGeniousMobileWrapper/build/android/res/drawable-notlong-land-hdpi/background.png
[DEBUG] found drawable-notlong-land-ldpi splash screen at /Users/alex/Documents/TitaniumStudioWorkspace/InGeniousMobileWrapper/Resources/android/images/res-notlong-land-ldpi/default.png
[DEBUG] copying /Users/alex/Documents/TitaniumStudioWorkspace/InGeniousMobileWrapper/Resources/android/images/res-notlong-land-ldpi/default.png splash screen to /Users/alex/Documents/TitaniumStudioWorkspace/InGeniousMobileWrapper/build/android/res/drawable-notlong-land-ldpi/background.png
[DEBUG] found drawable-notlong-land-mdpi splash screen at /Users/alex/Documents/TitaniumStudioWorkspace/InGeniousMobileWrapper/Resources/android/images/res-notlong-land-mdpi/default.png
[DEBUG] copying /Users/alex/Documents/TitaniumStudioWorkspace/InGeniousMobileWrapper/Resources/android/images/res-notlong-land-mdpi/default.png splash screen to /Users/alex/Documents/TitaniumStudioWorkspace/InGeniousMobileWrapper/build/android/res/drawable-notlong-land-mdpi/background.png
[DEBUG] found drawable-notlong-port-hdpi splash screen at /Users/alex/Documents/TitaniumStudioWorkspace/InGeniousMobileWrapper/Resources/android/images/res-notlong-port-hdpi/default.png
[DEBUG] copying /Users/alex/Documents/TitaniumStudioWorkspace/InGeniousMobileWrapper/Resources/android/images/res-notlong-port-hdpi/default.png splash screen to /Users/alex/Documents/TitaniumStudioWorkspace/InGeniousMobileWrapper/build/android/res/drawable-notlong-port-hdpi/background.png
[DEBUG] found drawable-notlong-port-ldpi splash screen at /Users/alex/Documents/TitaniumStudioWorkspace/InGeniousMobileWrapper/Resources/android/images/res-notlong-port-ldpi/default.png
[DEBUG] copying /Users/alex/Documents/TitaniumStudioWorkspace/InGeniousMobileWrapper/Resources/android/images/res-notlong-port-ldpi/default.png splash screen to /Users/alex/Documents/TitaniumStudioWorkspace/InGeniousMobileWrapper/build/android/res/drawable-notlong-port-ldpi/background.png
[DEBUG] found drawable-notlong-port-mdpi splash screen at /Users/alex/Documents/TitaniumStudioWorkspace/InGeniousMobileWrapper/Resources/android/images/res-notlong-port-mdpi/default.png
[DEBUG] copying /Users/alex/Documents/TitaniumStudioWorkspace/InGeniousMobileWrapper/Resources/android/images/res-notlong-port-mdpi/default.png splash screen to /Users/alex/Documents/TitaniumStudioWorkspace/InGeniousMobileWrapper/build/android/res/drawable-notlong-port-mdpi/background.png
[DEBUG] found splash screen at /Users/alex/Documents/TitaniumStudioWorkspace/InGeniousMobileWrapper/build/android/bin/assets/Resources/default.png
[TRACE] Writing out AndroidManifest.xml
[DEBUG] adding /Users/alex/Documents/TitaniumStudioWorkspace/InGeniousMobileWrapper/build/android/gen/com/goingenious/ingenious/IngeniousmobilewrapperActivity.java to javac build list
[DEBUG] adding /Users/alex/Documents/TitaniumStudioWorkspace/InGeniousMobileWrapper/build/android/gen/com/goingenious/ingenious/IngeniousmobilewrapperAppInfo.java to javac build list
[DEBUG] adding /Users/alex/Documents/TitaniumStudioWorkspace/InGeniousMobileWrapper/build/android/gen/com/goingenious/ingenious/IngeniousmobilewrapperApplication.java to javac build list
[DEBUG] adding /Users/alex/Documents/TitaniumStudioWorkspace/InGeniousMobileWrapper/build/android/gen/com/goingenious/ingenious/R.java to javac build list
[DEBUG] Building Java Sources: "/Users/alex/Documents/TitaniumStudioWorkspace/InGeniousMobileWrapper/build/android/gen/com/goingenious/ingenious/IngeniousmobilewrapperActivity.java" "/Users/alex/Documents/TitaniumStudioWorkspace/InGeniousMobileWrapper/build/android/gen/com/goingenious/ingenious/IngeniousmobilewrapperAppInfo.java" "/Users/alex/Documents/TitaniumStudioWorkspace/InGeniousMobileWrapper/build/android/gen/com/goingenious/ingenious/IngeniousmobilewrapperApplication.java" "/Users/alex/Documents/TitaniumStudioWorkspace/InGeniousMobileWrapper/build/android/gen/com/goingenious/ingenious/R.java"
[INFO] Compiling Android Resources... This could take some time
[DEBUG] Android classes.dex built
[DEBUG] creating unsigned apk: /Users/alex/Documents/TitaniumStudioWorkspace/InGeniousMobileWrapper/build/android/bin/app-unsigned.apk
[DEBUG] from resource zip => assets/Resources/HTML/css/images/ajax-loader.gif
[DEBUG] from resource zip => assets/Resources/HTML/css/images/icons-18-black.png
[DEBUG] from resource zip => assets/Resources/HTML/css/images/icons-18-white.png
[DEBUG] from resource zip => assets/Resources/HTML/css/images/icons-36-black.png
[DEBUG] from resource zip => assets/Resources/HTML/css/images/icons-36-white.png
[DEBUG] from resource zip => assets/Resources/HTML/css/jquery.mobile-1.2.0.min.css
[DEBUG] from resource zip => assets/Resources/HTML/scripts/core/backbone-min.js
[DEBUG] from resource zip => assets/Resources/HTML/scripts/core/ejs.js
[DEBUG] from resource zip => assets/Resources/HTML/scripts/core/jquery-1.8.3.min.js
[DEBUG] from resource zip => assets/Resources/HTML/scripts/core/jquery.mobile-1.2.0.min.js
[DEBUG] from resource zip => assets/Resources/HTML/scripts/core/underscore-min.js
[DEBUG] from resource zip => assets/Resources/HTML/scripts/core/view.js
[DEBUG] from resource zip => assets/Resources/HTML/scripts/project/views/indexPageView.js
[DEBUG] from resource zip => assets/Resources/HTML/scripts/project/views/lastPageView.js
[DEBUG] from resource zip => assets/Resources/HTML/scripts/project/views/welcomePageView.js
[DEBUG] from resource zip => assets/Resources/HTML/scripts/project/app.js
[DEBUG] from resource zip => assets/Resources/HTML/scripts/project/jqm-config.js
[DEBUG] from resource zip => assets/Resources/HTML/scripts/project/templates.js
[DEBUG] from resource zip => assets/Resources/HTML/scripts/project/titaniumBridge.js
[DEBUG] from resource zip => assets/Resources/HTML/templates/commonUI/navGrid.ejs
[DEBUG] from resource zip => assets/Resources/HTML/templates/home.ejs
[DEBUG] from resource zip => assets/Resources/HTML/templates/last.ejs
[DEBUG] from resource zip => assets/Resources/HTML/templates/welcome.ejs
[DEBUG] from resource zip => assets/Resources/HTML/README.md
[DEBUG] from resource zip => assets/Resources/HTML/index.html
[DEBUG] from resource zip => assets/Resources/ui/common/global/ActIndicator.js
[DEBUG] from resource zip => assets/Resources/ui/common/global/BtnNav.js
[DEBUG] from resource zip => assets/Resources/ui/common/HeaderView.js
[DEBUG] from resource zip => assets/Resources/ui/common/TabView.js
[DEBUG] from resource zip => assets/Resources/ui/common/WebView.js
[DEBUG] from resource zip => assets/Resources/ui/handheld/android/ApplicationWindow.js
[DEBUG] from resource zip => assets/Resources/ui/handheld/ApplicationWindow.js
[DEBUG] from resource zip => assets/Resources/ui/tablet/ApplicationWindow.js
[DEBUG] from resource zip => assets/Resources/KS_nav_ui.png
[DEBUG] from resource zip => assets/Resources/KS_nav_views.png
[DEBUG] from resource zip => assets/Resources/app.js
[DEBUG] from resource zip => assets/Resources/appicon.png
[DEBUG] from resource zip => assets/Resources/default.png
[DEBUG] from resource zip => assets/app.json
[DEBUG] from resource zip => assets/index.json
[DEBUG] from resource zip => assets/tiapp.xml
[DEBUG] from resource zip => res/drawable/appicon.png
[DEBUG] from resource zip => res/drawable/background.png
[DEBUG] from resource zip => res/layout/titanium_tabgroup.xml
[DEBUG] from resource zip => AndroidManifest.xml
[DEBUG] from resource zip => resources.arsc
[DEBUG] from resource zip => res/drawable-long-land-hdpi/background.png
[DEBUG] from resource zip => res/drawable-long-land-ldpi/background.png
[DEBUG] from resource zip => res/drawable-long-port-hdpi/background.png
[DEBUG] from resource zip => res/drawable-long-port-ldpi/background.png
[DEBUG] from resource zip => res/drawable-notlong-land-hdpi/background.png
[DEBUG] from resource zip => res/drawable-notlong-land-ldpi/background.png
[DEBUG] from resource zip => res/drawable-notlong-land-mdpi/background.png
[DEBUG] from resource zip => res/drawable-notlong-port-hdpi/background.png
[DEBUG] from resource zip => res/drawable-notlong-port-ldpi/background.png
[DEBUG] from resource zip => res/drawable-notlong-port-mdpi/background.png
[DEBUG] from JAR /Users/alex/Library/Application Support/Titanium/mobilesdk/osx/3.0.0.GA/android/modules/titanium-ui.jar => ti/modules/titanium/ui/widget/webview/binding.js
[DEBUG] from JAR /Users/alex/Library/Application Support/Titanium/mobilesdk/osx/3.0.0.GA/android/modules/titanium-ui.jar => ti/modules/titanium/ui/widget/webview/binding.min.js
[DEBUG] from JAR /Users/alex/Library/Application Support/Titanium/mobilesdk/osx/3.0.0.GA/android/modules/titanium-ui.jar => ti/modules/titanium/ui/widget/webview/json2.js
[DEBUG] from JAR /Users/alex/Library/Application Support/Titanium/mobilesdk/osx/3.0.0.GA/android/modules/titanium-ui.jar => ti/modules/titanium/ui/widget/webview/polling.js
[DEBUG] from JAR /Users/alex/Library/Application Support/Titanium/mobilesdk/osx/3.0.0.GA/android/modules/titanium-ui.jar => ti/modules/titanium/ui/widget/webview/polling.min.js
[DEBUG] from JAR /Users/alex/Library/Application Support/Titanium/mobilesdk/osx/3.0.0.GA/android/titanium.jar => org/appcelerator/titanium/build.properties
[DEBUG] from JAR /Users/alex/Library/Application Support/Titanium/mobilesdk/osx/3.0.0.GA/android/titanium.jar => org/appcelerator/titanium/res/drawable/background.png
[DEBUG] from JAR /Users/alex/Library/Application Support/Titanium/mobilesdk/osx/3.0.0.GA/android/titanium.jar => org/appcelerator/titanium/res/drawable/btn_check_buttonless_on.png
[DEBUG] from JAR /Users/alex/Library/Application Support/Titanium/mobilesdk/osx/3.0.0.GA/android/titanium.jar => org/appcelerator/titanium/res/drawable/btn_check_buttonless_on_18.png
[DEBUG] from JAR /Users/alex/Library/Application Support/Titanium/mobilesdk/osx/3.0.0.GA/android/titanium.jar => org/appcelerator/titanium/res/drawable/btn_check_buttonless_on_48.png
[DEBUG] from JAR /Users/alex/Library/Application Support/Titanium/mobilesdk/osx/3.0.0.GA/android/titanium.jar => org/appcelerator/titanium/res/drawable/btn_check_buttonless_on_64.png
[DEBUG] from JAR /Users/alex/Library/Application Support/Titanium/mobilesdk/osx/3.0.0.GA/android/titanium.jar => org/appcelerator/titanium/res/drawable/btn_more.png
[DEBUG] from JAR /Users/alex/Library/Application Support/Titanium/mobilesdk/osx/3.0.0.GA/android/titanium.jar => org/appcelerator/titanium/res/drawable/btn_more_18.png
[DEBUG] from JAR /Users/alex/Library/Application Support/Titanium/mobilesdk/osx/3.0.0.GA/android/titanium.jar => org/appcelerator/titanium/res/drawable/btn_more_48.png
[DEBUG] from JAR /Users/alex/Library/Application Support/Titanium/mobilesdk/osx/3.0.0.GA/android/titanium.jar => org/appcelerator/titanium/res/drawable/btn_more_64.png
[DEBUG] from JAR /Users/alex/Library/Application Support/Titanium/mobilesdk/osx/3.0.0.GA/android/titanium.jar => org/appcelerator/titanium/res/drawable/btn_picker_normal.9.png
[DEBUG] from JAR /Users/alex/Library/Application Support/Titanium/mobilesdk/osx/3.0.0.GA/android/titanium.jar => org/appcelerator/titanium/res/drawable/btn_picker_pressed.9.png
[DEBUG] from JAR /Users/alex/Library/Application Support/Titanium/mobilesdk/osx/3.0.0.GA/android/titanium.jar => org/appcelerator/titanium/res/drawable/btn_picker_selected.9.png
[DEBUG] from JAR /Users/alex/Library/Application Support/Titanium/mobilesdk/osx/3.0.0.GA/android/titanium.jar => org/appcelerator/titanium/res/drawable/default_icon.png
[DEBUG] from JAR /Users/alex/Library/Application Support/Titanium/mobilesdk/osx/3.0.0.GA/android/titanium.jar => org/appcelerator/titanium/res/drawable/photoDefault.png
[DEBUG] installing native SDK libs
[DEBUG] Waiting for device to be ready ...
[TRACE] adb devices returned 1 devices/emulators
[DEBUG] Device connected... (waited 0 seconds)
[DEBUG] waited 0.016791 seconds on emulator to get ready
[INFO] Installing application on device
[INFO] Application installed. Launch from drawer on Home Screen
